2026-04-06 16:04:01,898 | INFO | flet | Assets path configured: C:\Users\bernardo.silva\SynologyDrive\3.Arquivos\Script\Python Scripts\2. Projetos\AppSAFTEC\app\assets
2026-04-06 16:04:01,899 | INFO | flet | Starting up TCP server on localhost:54827
2026-04-06 16:04:01,907 | INFO | flet | Flet app has started...
2026-04-06 16:04:02,423 | INFO | flet | App session started
2026-04-06 16:04:02,430 | INFO | Router | Navigating to: /
2026-04-06 16:04:02,443 | INFO | App | Aplicação iniciada com sucesso
2026-04-06 16:04:03,683 | INFO | Router | Navigating to: /sei_dma
2026-04-06 16:04:12,271 | INFO | flet | Session was garbage collected: O7Q5Sd1I71ldKm2L
2026-04-06 16:05:57,103 | INFO | flet | Assets path configured: C:\Users\bernardo.silva\SynologyDrive\3.Arquivos\Script\Python Scripts\2. Projetos\AppSAFTEC\app\assets
2026-04-06 16:05:57,105 | INFO | flet | Starting up TCP server on localhost:54893
2026-04-06 16:05:57,113 | INFO | flet | Flet app has started...
2026-04-06 16:05:57,521 | INFO | flet | App session started
2026-04-06 16:05:57,526 | INFO | Router | Navigating to: /
2026-04-06 16:05:57,540 | INFO | App | Aplicação iniciada com sucesso
2026-04-06 16:05:58,471 | INFO | Router | Navigating to: /sei_dma
2026-04-06 16:06:01,151 | ERROR | flet | Unhandled error in 'on_click' handler
Traceback (most recent call last):
  File "C:\Users\bernardo.silva\SynologyDrive\3.Arquivos\Script\Python Scripts\2. Projetos\AppSAFTEC\app\controllers\sei_dma_controller.py", line 25, in save_credentials
    self.model.salvar_credenciais(username, password)
    ~~~~~~~~~~~~~~~~~~~~~~~~~~~~~^^^^^^^^^^^^^^^^^^^^
  File "C:\Users\bernardo.silva\SynologyDrive\3.Arquivos\Script\Python Scripts\2. Projetos\AppSAFTEC\app\models\sei_dma_model.py", line 13, in salvar_credenciais
    cursor = self.db.cursor()
             ^^^^^^^^^^^^^^
AttributeError: 'NoneType' object has no attribute 'cursor'

During handling of the above exception, another exception occurred:

Traceback (most recent call last):
  File "C:\Users\bernardo.silva\SynologyDrive\3.Arquivos\Script\Python Scripts\2. Projetos\AppSAFTEC\.venv\Lib\site-packages\flet\messaging\session.py", line 335, in dispatch_event
    await control._trigger_event(event_name, event_data)
  File "C:\Users\bernardo.silva\SynologyDrive\3.Arquivos\Script\Python Scripts\2. Projetos\AppSAFTEC\.venv\Lib\site-packages\flet\controls\base_control.py", line 478, in _trigger_event
    event_handler(e)
    ~~~~~~~~~~~~~^^^
  File "C:\Users\bernardo.silva\SynologyDrive\3.Arquivos\Script\Python Scripts\2. Projetos\AppSAFTEC\app\views\pages\sei_dma_view.py", line 37, in <lambda>
    on_click=lambda e: self.controller.save_credentials(
                       ~~~~~~~~~~~~~~~~~~~~~~~~~~~~~~~~^
        self.user_input.value,
        ^^^^^^^^^^^^^^^^^^^^^^
        self.pass_input.value
        ^^^^^^^^^^^^^^^^^^^^^
    )
    ^
  File "C:\Users\bernardo.silva\SynologyDrive\3.Arquivos\Script\Python Scripts\2. Projetos\AppSAFTEC\app\controllers\sei_dma_controller.py", line 28, in save_credentials
    self._show_snack(f"Erro ao salvar: {e}")
    ~~~~~~~~~~~~~~~~^^^^^^^^^^^^^^^^^^^^^^^^
  File "C:\Users\bernardo.silva\SynologyDrive\3.Arquivos\Script\Python Scripts\2. Projetos\AppSAFTEC\app\controllers\sei_dma_controller.py", line 73, in _show_snack
    self.update()
    ^^^^^^^^^^^
AttributeError: 'SeiDmaController' object has no attribute 'update'
2026-04-06 16:06:04,093 | INFO | flet | Session was garbage collected: rPjnQJuNQDw9qffn
2026-04-06 16:08:14,793 | INFO | flet | Assets path configured: C:\Users\bernardo.silva\SynologyDrive\3.Arquivos\Script\Python Scripts\2. Projetos\AppSAFTEC\app\assets
2026-04-06 16:08:14,795 | INFO | flet | Starting up TCP server on localhost:54938
2026-04-06 16:08:14,803 | INFO | flet | Flet app has started...
2026-04-06 16:08:15,226 | INFO | flet | App session started
2026-04-06 16:08:15,232 | INFO | Router | Navigating to: /
2026-04-06 16:08:15,245 | INFO | App | Aplicação iniciada com sucesso
2026-04-06 16:08:16,676 | INFO | Router | Navigating to: /sei_dma
2026-04-06 16:08:43,782 | ERROR | flet | Unhandled error in 'on_click' handler
Traceback (most recent call last):
  File "C:\Users\bernardo.silva\SynologyDrive\3.Arquivos\Script\Python Scripts\2. Projetos\AppSAFTEC\.venv\Lib\site-packages\flet\messaging\session.py", line 335, in dispatch_event
    await control._trigger_event(event_name, event_data)
  File "C:\Users\bernardo.silva\SynologyDrive\3.Arquivos\Script\Python Scripts\2. Projetos\AppSAFTEC\.venv\Lib\site-packages\flet\controls\base_control.py", line 478, in _trigger_event
    event_handler(e)
    ~~~~~~~~~~~~~^^^
  File "C:\Users\bernardo.silva\SynologyDrive\3.Arquivos\Script\Python Scripts\2. Projetos\AppSAFTEC\app\views\pages\sei_dma_view.py", line 61, in <lambda>
    on_click=lambda e: self.controller.start_automation(
                       ~~~~~~~~~~~~~~~~~~~~~~~~~~~~~~~~^
        self.title_input.value,
        ^^^^^^^^^^^^^^^^^^^^^^^
        self.text_input.value
        ^^^^^^^^^^^^^^^^^^^^^
    )
    ^
  File "C:\Users\bernardo.silva\SynologyDrive\3.Arquivos\Script\Python Scripts\2. Projetos\AppSAFTEC\app\controllers\sei_dma_controller.py", line 38, in start_automation
    username = self.client_storage.get("sei_user")
               ^^^^^^^^^^^^^^^^^^^
AttributeError: 'SeiDmaController' object has no attribute 'client_storage'
2026-04-06 16:08:45,873 | INFO | flet | Session was garbage collected: 14LeRVzayIL8ucDF
2026-04-06 17:30:31,697 | INFO | flet | Assets path configured: C:\Users\bernardo.silva\SynologyDrive\3.Arquivos\Script\Python Scripts\2. Projetos\AppSAFTEC\app\assets
2026-04-06 17:30:31,700 | INFO | flet | Starting up TCP server on localhost:64417
2026-04-06 17:30:31,709 | INFO | flet | Flet app has started...
2026-04-06 17:30:32,233 | INFO | flet | App session started
2026-04-06 17:30:32,239 | INFO | Router | Navigating to: /
2026-04-06 17:30:32,252 | INFO | App | Aplicação iniciada com sucesso
2026-04-06 17:30:33,714 | INFO | Router | Navigating to: /sei_dma
2026-04-06 17:30:40,468 | INFO | flet | Session was garbage collected: zpA2b15EmtiArx4n
2026-04-06 17:35:40,602 | INFO | flet | Assets path configured: C:\Users\bernardo.silva\SynologyDrive\3.Arquivos\Script\Python Scripts\2. Projetos\AppSAFTEC\app\assets
2026-04-06 17:35:40,604 | INFO | flet | Starting up TCP server on localhost:64478
2026-04-06 17:35:40,612 | INFO | flet | Flet app has started...
2026-04-06 17:35:41,115 | INFO | flet | App session started
2026-04-06 17:35:41,120 | INFO | Router | Navigating to: /
2026-04-06 17:35:41,129 | INFO | App | Aplicação iniciada com sucesso
2026-04-06 17:35:42,275 | INFO | Router | Navigating to: /sei_dma
2026-04-06 17:35:51,788 | INFO | Router | Navigating to: /
2026-04-06 17:35:53,348 | INFO | Router | Navigating to: /sei_dma
2026-04-06 17:41:50,648 | INFO | flet | Session was garbage collected: 75OEumW5nl3OdIOK
2026-04-06 17:41:54,609 | INFO | flet | Assets path configured: C:\Users\bernardo.silva\SynologyDrive\3.Arquivos\Script\Python Scripts\2. Projetos\AppSAFTEC\app\assets
2026-04-06 17:41:54,611 | INFO | flet | Starting up TCP server on localhost:64567
2026-04-06 17:41:54,618 | INFO | flet | Flet app has started...
2026-04-06 17:41:55,006 | INFO | flet | App session started
2026-04-06 17:41:55,012 | INFO | Router | Navigating to: /
2026-04-06 17:41:55,023 | INFO | App | Aplicação iniciada com sucesso
2026-04-06 17:41:56,371 | INFO | Router | Navigating to: /sei_dma
2026-04-06 17:43:04,138 | INFO | Router | Navigating to: /help
2026-04-06 17:43:04,674 | INFO | Router | Navigating to: /sei_dma
2026-04-06 17:43:07,010 | INFO | flet | Session was garbage collected: AJ9iWq7vISO4zKtQ
2026-04-06 17:45:56,310 | INFO | flet | Assets path configured: C:\Users\bernardo.silva\SynologyDrive\3.Arquivos\Script\Python Scripts\2. Projetos\AppSAFTEC\app\assets
2026-04-06 17:45:56,312 | INFO | flet | Starting up TCP server on localhost:64622
2026-04-06 17:45:56,319 | INFO | flet | Flet app has started...
2026-04-06 17:45:56,717 | INFO | flet | App session started
2026-04-06 17:45:56,723 | INFO | Router | Navigating to: /
2026-04-06 17:45:56,733 | INFO | App | Aplicação iniciada com sucesso
2026-04-06 17:45:57,557 | INFO | Router | Navigating to: /sei_dma
2026-04-06 17:45:57,574 | ERROR | Router | Error rendering view
Traceback (most recent call last):
  File "C:\Users\bernardo.silva\SynologyDrive\3.Arquivos\Script\Python Scripts\2. Projetos\AppSAFTEC\app\core\router.py", line 28, in navigate
    view = routes[route](self.page, self)
  File "C:\Users\bernardo.silva\SynologyDrive\3.Arquivos\Script\Python Scripts\2. Projetos\AppSAFTEC\app\configs\routes.py", line 58, in <lambda>
    return lambda page, router: load_view(path)(page, router).render()
                                ~~~~~~~~~~~~~~~~~~~~~~~~~~~~~~~~~~~~^^
  File "C:\Users\bernardo.silva\SynologyDrive\3.Arquivos\Script\Python Scripts\2. Projetos\AppSAFTEC\app\views\pages\sei_dma_view.py", line 16, in render
    pass_padrao = credenciais_salvas[2] if credenciais_salvas else ""
                  ~~~~~~~~~~~~~~~~~~^^^
IndexError: tuple index out of range
2026-04-08 11:51:14,467 | INFO | flet | Assets path configured: C:\Users\bernardo.silva\SynologyDrive\3.Arquivos\Script\Python Scripts\2. Projetos\AppSAFTEC\app\assets
2026-04-08 11:51:14,472 | INFO | flet | Starting up TCP server on localhost:53569
2026-04-08 11:51:14,483 | INFO | flet | Flet app has started...
2026-04-08 11:51:15,699 | INFO | flet | App session started
2026-04-08 11:51:15,722 | INFO | Router | Navigating to: /
2026-04-08 11:51:15,734 | INFO | App | Aplicação iniciada com sucesso
2026-04-08 11:51:17,113 | INFO | Router | Navigating to: /sei_dma
2026-04-08 11:51:17,123 | ERROR | Router | Error rendering view
Traceback (most recent call last):
  File "C:\Users\bernardo.silva\SynologyDrive\3.Arquivos\Script\Python Scripts\2. Projetos\AppSAFTEC\app\core\router.py", line 28, in navigate
    view = routes[route](self.page, self)
  File "C:\Users\bernardo.silva\SynologyDrive\3.Arquivos\Script\Python Scripts\2. Projetos\AppSAFTEC\app\configs\routes.py", line 58, in <lambda>
    return lambda page, router: load_view(path)(page, router).render()
                                ~~~~~~~~~~~~~~~~~~~~~~~~~~~~~~~~~~~~^^
  File "C:\Users\bernardo.silva\SynologyDrive\3.Arquivos\Script\Python Scripts\2. Projetos\AppSAFTEC\app\views\pages\sei_dma_view.py", line 16, in render
    pass_padrao = credenciais_salvas[2] if credenciais_salvas else ""
                  ~~~~~~~~~~~~~~~~~~^^^
IndexError: tuple index out of range
2026-04-08 11:57:07,506 | INFO | flet | Session was garbage collected: TYhBN28HKNxjBQYF
2026-04-08 11:57:16,566 | INFO | flet | Assets path configured: C:\Users\bernardo.silva\SynologyDrive\3.Arquivos\Script\Python Scripts\2. Projetos\AppSAFTEC\app\assets
2026-04-08 11:57:16,568 | INFO | flet | Starting up TCP server on localhost:53644
2026-04-08 11:57:16,576 | INFO | flet | Flet app has started...
2026-04-08 11:57:16,980 | INFO | flet | App session started
2026-04-08 11:57:16,985 | INFO | Router | Navigating to: /
2026-04-08 11:57:16,997 | INFO | App | Aplicação iniciada com sucesso
2026-04-08 11:57:18,199 | INFO | Router | Navigating to: /sei_dma
2026-04-08 11:57:43,321 | INFO | Router | Navigating to: /help
2026-04-08 11:57:43,913 | INFO | Router | Navigating to: /sei_dma
2026-04-08 11:58:52,883 | INFO | flet | Session was garbage collected: hC82g7qqGOjLRjQz
2026-04-08 11:59:23,271 | INFO | flet | Assets path configured: C:\Users\bernardo.silva\SynologyDrive\3.Arquivos\Script\Python Scripts\2. Projetos\AppSAFTEC\app\assets
2026-04-08 11:59:23,273 | INFO | flet | Starting up TCP server on localhost:53706
2026-04-08 11:59:23,282 | INFO | flet | Flet app has started...
2026-04-08 11:59:23,695 | INFO | flet | App session started
2026-04-08 11:59:23,700 | INFO | Router | Navigating to: /
2026-04-08 11:59:23,715 | INFO | App | Aplicação iniciada com sucesso
2026-04-08 11:59:24,691 | INFO | Router | Navigating to: /sei_dma
2026-04-08 11:59:34,772 | INFO | Router | Navigating to: /help
2026-04-08 11:59:35,364 | INFO | Router | Navigating to: /sei_dma
2026-04-08 12:03:35,558 | INFO | flet | Session was garbage collected: far1PZ4HYsLiazDg
2026-04-08 12:03:40,937 | INFO | flet | Assets path configured: C:\Users\bernardo.silva\SynologyDrive\3.Arquivos\Script\Python Scripts\2. Projetos\AppSAFTEC\app\assets
2026-04-08 12:03:40,939 | INFO | flet | Starting up TCP server on localhost:53769
2026-04-08 12:03:40,946 | INFO | flet | Flet app has started...
2026-04-08 12:03:41,513 | INFO | flet | App session started
2026-04-08 12:03:41,519 | INFO | Router | Navigating to: /
2026-04-08 12:03:41,531 | INFO | App | Aplicação iniciada com sucesso
2026-04-08 12:03:45,012 | INFO | Router | Navigating to: /sei_dma
2026-04-08 12:03:52,197 | INFO | Router | Navigating to: /help
2026-04-08 12:03:52,621 | INFO | Router | Navigating to: /sei_dma
2026-04-08 12:05:26,618 | INFO | flet | Session was garbage collected: LekU50sXSGzSeWLv
2026-04-08 12:06:11,703 | INFO | flet | Session was garbage collected: yhoRju0NHyINLPDX
2026-04-08 12:32:40,168 | INFO | flet | Assets path configured: C:\Users\bernardo.silva\SynologyDrive\3.Arquivos\Script\Python Scripts\2. Projetos\AppSAFTEC\app\assets
2026-04-08 12:32:40,171 | INFO | flet | Starting up TCP server on localhost:54417
2026-04-08 12:32:40,179 | INFO | flet | Flet app has started...
2026-04-08 12:32:40,619 | INFO | flet | App session started
2026-04-08 12:32:40,624 | INFO | Router | Navigating to: /
2026-04-08 12:32:40,641 | INFO | App | Aplicação iniciada com sucesso
2026-04-08 12:32:41,618 | INFO | Router | Navigating to: /sei_dma
2026-04-08 12:32:41,632 | ERROR | Router | Error rendering view
Traceback (most recent call last):
  File "C:\Users\bernardo.silva\SynologyDrive\3.Arquivos\Script\Python Scripts\2. Projetos\AppSAFTEC\app\core\router.py", line 28, in navigate
    view = routes[route](self.page, self)
  File "C:\Users\bernardo.silva\SynologyDrive\3.Arquivos\Script\Python Scripts\2. Projetos\AppSAFTEC\app\configs\routes.py", line 58, in <lambda>
    return lambda page, router: load_view(path)(page, router).render()
                                ~~~~~~~~~~~~~~~~~~~~~~~~~~~~~~~~~~~~^^
  File "C:\Users\bernardo.silva\SynologyDrive\3.Arquivos\Script\Python Scripts\2. Projetos\AppSAFTEC\app\views\pages\sei_dma_view.py", line 56, in render
    controls=[ft.Icon(ft.Icons.PLAY_ARROW, color=ft.colors.WHITE), ft.Text("Iniciar Automação Playwright", color=ft.colors.WHITE)],
                                                 ^^^^^^^^^
  File "C:\Users\bernardo.silva\SynologyDrive\3.Arquivos\Script\Python Scripts\2. Projetos\AppSAFTEC\.venv\Lib\site-packages\flet\__init__.py", line 1190, in __getattr__
    raise AttributeError(f"module {__name__!r} has no attribute {name!r}")
AttributeError: module 'flet' has no attribute 'colors'. Did you mean: 'Colors'?
2026-04-08 12:33:05,796 | INFO | flet | Session was garbage collected: E6B06UXBcL8zo5fW
2026-04-08 12:33:10,772 | INFO | flet | Assets path configured: C:\Users\bernardo.silva\SynologyDrive\3.Arquivos\Script\Python Scripts\2. Projetos\AppSAFTEC\app\assets
2026-04-08 12:33:10,774 | INFO | flet | Starting up TCP server on localhost:54435
2026-04-08 12:33:10,782 | INFO | flet | Flet app has started...
2026-04-08 12:33:11,200 | INFO | flet | App session started
2026-04-08 12:33:11,207 | INFO | Router | Navigating to: /
2026-04-08 12:33:11,221 | INFO | App | Aplicação iniciada com sucesso
2026-04-08 12:33:12,188 | INFO | Router | Navigating to: /sei_dma
2026-04-08 12:33:12,199 | ERROR | Router | Error rendering view
Traceback (most recent call last):
  File "C:\Users\bernardo.silva\SynologyDrive\3.Arquivos\Script\Python Scripts\2. Projetos\AppSAFTEC\app\core\router.py", line 28, in navigate
    view = routes[route](self.page, self)
  File "C:\Users\bernardo.silva\SynologyDrive\3.Arquivos\Script\Python Scripts\2. Projetos\AppSAFTEC\app\configs\routes.py", line 58, in <lambda>
    return lambda page, router: load_view(path)(page, router).render()
                                ~~~~~~~~~~~~~~~~~~~~~~~~~~~~~~~~~~~~^^
  File "C:\Users\bernardo.silva\SynologyDrive\3.Arquivos\Script\Python Scripts\2. Projetos\AppSAFTEC\app\views\pages\sei_dma_view.py", line 77, in render
    content.get_title = self.get_title
                        ^^^^^^^^^^^^^^
AttributeError: 'Sei_dmaView' object has no attribute 'get_title'
2026-04-08 12:33:25,808 | INFO | flet | Session was garbage collected: 0uflU9VE2guTVfh8
2026-04-08 12:33:29,942 | INFO | flet | Assets path configured: C:\Users\bernardo.silva\SynologyDrive\3.Arquivos\Script\Python Scripts\2. Projetos\AppSAFTEC\app\assets
2026-04-08 12:33:29,944 | INFO | flet | Starting up TCP server on localhost:54444
2026-04-08 12:33:29,953 | INFO | flet | Flet app has started...
2026-04-08 12:33:30,369 | INFO | flet | App session started
2026-04-08 12:33:30,375 | INFO | Router | Navigating to: /
2026-04-08 12:33:30,388 | INFO | App | Aplicação iniciada com sucesso
2026-04-08 12:33:31,454 | INFO | Router | Navigating to: /sei_dma
2026-04-08 12:34:15,916 | INFO | flet | Session was garbage collected: er22lIxBlXKt9IDX
2026-04-08 12:36:25,987 | INFO | flet | Assets path configured: C:\Users\bernardo.silva\SynologyDrive\3.Arquivos\Script\Python Scripts\2. Projetos\AppSAFTEC\app\assets
2026-04-08 12:36:25,989 | INFO | flet | Starting up TCP server on localhost:54537
2026-04-08 12:36:25,998 | INFO | flet | Flet app has started...
2026-04-08 12:36:26,416 | INFO | flet | App session started
2026-04-08 12:36:26,422 | INFO | Router | Navigating to: /
2026-04-08 12:36:26,435 | INFO | App | Aplicação iniciada com sucesso
2026-04-08 12:36:27,735 | INFO | Router | Navigating to: /sei_dma
2026-04-08 12:36:51,093 | INFO | flet | Session was garbage collected: qp00Lft5ZXnHeiJv
2026-04-08 12:37:37,648 | INFO | flet | Assets path configured: C:\Users\bernardo.silva\SynologyDrive\3.Arquivos\Script\Python Scripts\2. Projetos\AppSAFTEC\app\assets
2026-04-08 12:37:37,651 | INFO | flet | Starting up TCP server on localhost:54582
2026-04-08 12:37:37,658 | INFO | flet | Flet app has started...
2026-04-08 12:37:38,063 | INFO | flet | App session started
2026-04-08 12:37:38,069 | INFO | Router | Navigating to: /
2026-04-08 12:37:38,085 | INFO | App | Aplicação iniciada com sucesso
2026-04-08 12:37:39,350 | INFO | Router | Navigating to: /sei_dma
2026-04-08 12:37:39,353 | ERROR | Router | Error rendering view
Traceback (most recent call last):
  File "C:\Users\bernardo.silva\SynologyDrive\3.Arquivos\Script\Python Scripts\2. Projetos\AppSAFTEC\app\core\router.py", line 28, in navigate
    view = routes[route](self.page, self)
  File "C:\Users\bernardo.silva\SynologyDrive\3.Arquivos\Script\Python Scripts\2. Projetos\AppSAFTEC\app\configs\routes.py", line 58, in <lambda>
    return lambda page, router: load_view(path)(page, router).render()
                                ~~~~~~~~~^^^^^^
  File "C:\Users\bernardo.silva\SynologyDrive\3.Arquivos\Script\Python Scripts\2. Projetos\AppSAFTEC\app\configs\routes.py", line 46, in load_view
    module = importlib.import_module(module_name)
  File "C:\Users\bernardo.silva\AppData\Roaming\uv\python\cpython-3.14-windows-x86_64-none\Lib\importlib\__init__.py", line 88, in import_module
    return _bootstrap._gcd_import(name[level:], package, level)
           ~~~~~~~~~~~~~~~~~~~~~~^^^^^^^^^^^^^^^^^^^^^^^^^^^^^^
  File "<frozen importlib._bootstrap>", line 1398, in _gcd_import
  File "<frozen importlib._bootstrap>", line 1371, in _find_and_load
  File "<frozen importlib._bootstrap>", line 1342, in _find_and_load_unlocked
  File "<frozen importlib._bootstrap>", line 938, in _load_unlocked
  File "<frozen importlib._bootstrap_external>", line 755, in exec_module
  File "<frozen importlib._bootstrap_external>", line 893, in get_code
  File "<frozen importlib._bootstrap_external>", line 823, in source_to_code
  File "<frozen importlib._bootstrap>", line 491, in _call_with_frames_removed
SyntaxError: source code string cannot contain null bytes
